2019-05-29 14:06:58 INFO  Car - Speed:   0.0; Angle:   EAST; Position:   2,3; Parcels:      0; Health: 1000.0; Health Usage: 1000.0; Fuel: 5000.0; Tile: START
2019-05-29 14:06:58 INFO  Car - Speed:   1.0; Angle:   EAST; Position:   3,3; Parcels:      0; Health: 1000.0; Health Usage: 1000.0; Fuel: 4999.0; Tile: ROAD
2019-05-29 14:06:58 INFO  Car - Speed:   1.0; Angle:   EAST; Position:   4,3; Parcels:      0; Health: 1000.0; Health Usage: 1000.0; Fuel: 4998.0; Tile: ROAD
2019-05-29 14:06:58 INFO  Car - Speed:   1.0; Angle:   EAST; Position:   5,3; Parcels:      0; Health: 1000.0; Health Usage: 1000.0; Fuel: 4997.0; Tile: ROAD
2019-05-29 14:06:58 INFO  Car - Speed:   1.0; Angle:   EAST; Position:   6,3; Parcels:      0; Health: 1000.0; Health Usage: 1000.0; Fuel: 4996.0; Tile: ROAD
2019-05-29 14:06:59 INFO  Car - Speed:   1.0; Angle:   EAST; Position:   7,3; Parcels:      0; Health: 1000.0; Health Usage: 1000.0; Fuel: 4995.0; Tile: ROAD
2019-05-29 14:06:59 INFO  Car - Speed:   1.0; Angle:   EAST; Position:   8,3; Parcels:      0; Health: 1000.0; Health Usage: 1000.0; Fuel: 4994.0; Tile: ROAD
2019-05-29 14:06:59 INFO  Car - Speed:   1.0; Angle:   EAST; Position:   9,3; Parcels:      0; Health: 1000.0; Health Usage: 1000.0; Fuel: 4993.0; Tile: ROAD
2019-05-29 14:06:59 INFO  Car - Speed:   1.0; Angle:   EAST; Position:  10,3; Parcels:      0; Health: 1000.0; Health Usage: 1000.0; Fuel: 4992.0; Tile: ROAD
2019-05-29 14:06:59 INFO  Car - Speed:   1.0; Angle:   EAST; Position:  11,3; Parcels:      0; Health: 1000.0; Health Usage: 1000.0; Fuel: 4991.0; Tile: ROAD
2019-05-29 14:06:59 INFO  Car - Speed:   1.0; Angle:   EAST; Position:  12,3; Parcels:      0; Health: 1000.0; Health Usage: 1000.0; Fuel: 4990.0; Tile: ROAD
2019-05-29 14:06:59 INFO  Car - Speed:   1.0; Angle:   EAST; Position:  13,3; Parcels:      0; Health: 1005.0; Health Usage: 1005.0; Fuel: 4989.0; Tile: ROAD
2019-05-29 14:06:59 INFO  Car - Speed:   1.0; Angle:   EAST; Position:  14,3; Parcels:      0; Health: 1010.0; Health Usage: 1010.0; Fuel: 4988.0; Tile: ROAD
2019-05-29 14:06:59 INFO  Car - Speed:   1.0; Angle:   EAST; Position:  15,3; Parcels:      0; Health: 1010.0; Health Usage: 1010.0; Fuel: 4987.0; Tile: ROAD
2019-05-29 14:06:59 INFO  Car - Speed:   1.0; Angle:   EAST; Position:  16,3; Parcels:      0; Health: 1010.0; Health Usage: 1010.0; Fuel: 4986.0; Tile: ROAD
2019-05-29 14:06:59 INFO  Car - Speed:   1.0; Angle:   EAST; Position:  17,3; Parcels:      0; Health: 1010.0; Health Usage: 1010.0; Fuel: 4985.0; Tile: ROAD
2019-05-29 14:06:59 INFO  Car - Speed:   1.0; Angle:   EAST; Position:  18,3; Parcels:      0; Health: 1005.0; Health Usage: 1010.0; Fuel: 4984.0; Tile: TRAP(lava)
2019-05-29 14:06:59 INFO  Car - Speed:   1.0; Angle:   EAST; Position:  19,3; Parcels:      0; Health: 1000.0; Health Usage: 1010.0; Fuel: 4983.0; Tile: TRAP(lava)
2019-05-29 14:06:59 INFO  Car - Speed:   1.0; Angle:   EAST; Position:  20,3; Parcels:      0; Health: 1000.0; Health Usage: 1010.0; Fuel: 4982.0; Tile: ROAD
2019-05-29 14:06:59 INFO  Car - Speed:   1.0; Angle:   EAST; Position:  21,3; Parcels:      0; Health: 1000.0; Health Usage: 1010.0; Fuel: 4981.0; Tile: ROAD
2019-05-29 14:06:59 INFO  Car - Speed:   1.0; Angle:   EAST; Position:  22,3; Parcels:      0; Health: 1000.0; Health Usage: 1010.0; Fuel: 4980.0; Tile: ROAD
2019-05-29 14:07:00 INFO  Car - Speed:   1.0; Angle:   EAST; Position:  23,3; Parcels:      0; Health: 1000.0; Health Usage: 1010.0; Fuel: 4979.0; Tile: ROAD
2019-05-29 14:07:00 INFO  Car - Speed:   1.0; Angle:  SOUTH; Position:  23,2; Parcels:      0; Health: 1000.0; Health Usage: 1010.0; Fuel: 4978.0; Tile: ROAD
2019-05-29 14:07:00 INFO  Car - Speed:   1.0; Angle:   WEST; Position:  22,2; Parcels:      0; Health: 1000.0; Health Usage: 1010.0; Fuel: 4977.0; Tile: ROAD
2019-05-29 14:07:00 INFO  Car - Speed:   1.0; Angle:   WEST; Position:  21,2; Parcels:      0; Health: 1000.0; Health Usage: 1010.0; Fuel: 4976.0; Tile: ROAD
2019-05-29 14:07:00 INFO  Car - Speed:   1.0; Angle:   WEST; Position:  20,2; Parcels:      0; Health: 1000.0; Health Usage: 1010.0; Fuel: 4975.0; Tile: ROAD
2019-05-29 14:07:00 INFO  Car - Speed:   1.0; Angle:   WEST; Position:  19,2; Parcels:      1; Health: 1000.0; Health Usage: 1010.0; Fuel: 4974.0; Tile: ROAD
2019-05-29 14:07:00 INFO  Car - Speed:   1.0; Angle:   WEST; Position:  18,2; Parcels:      1; Health: 995.0; Health Usage: 1010.0; Fuel: 4973.0; Tile: TRAP(lava)
2019-05-29 14:07:00 INFO  Car - Speed:   1.0; Angle:   WEST; Position:  17,2; Parcels:      1; Health: 995.0; Health Usage: 1010.0; Fuel: 4972.0; Tile: ROAD
2019-05-29 14:07:00 INFO  Car - Speed:   1.0; Angle:   WEST; Position:  16,2; Parcels:      1; Health: 995.0; Health Usage: 1010.0; Fuel: 4971.0; Tile: ROAD
2019-05-29 14:07:00 INFO  Car - Speed:   1.0; Angle:   WEST; Position:  15,2; Parcels:      1; Health: 995.0; Health Usage: 1010.0; Fuel: 4970.0; Tile: ROAD
2019-05-29 14:07:00 INFO  Car - Speed:   1.0; Angle:   WEST; Position:  14,2; Parcels:      1; Health: 995.0; Health Usage: 1010.0; Fuel: 4969.0; Tile: ROAD
2019-05-29 14:07:00 INFO  Car - Speed:   1.0; Angle:   WEST; Position:  13,2; Parcels:      1; Health: 995.0; Health Usage: 1010.0; Fuel: 4968.0; Tile: ROAD
2019-05-29 14:07:00 INFO  Car - Speed:   1.0; Angle:   WEST; Position:  12,2; Parcels:      1; Health: 995.0; Health Usage: 1010.0; Fuel: 4967.0; Tile: ROAD
2019-05-29 14:07:00 INFO  Car - Speed:   1.0; Angle:   WEST; Position:  11,2; Parcels:      1; Health: 995.0; Health Usage: 1010.0; Fuel: 4966.0; Tile: ROAD
2019-05-29 14:07:00 INFO  Car - Speed:   1.0; Angle:   WEST; Position:  10,2; Parcels:      1; Health: 995.0; Health Usage: 1010.0; Fuel: 4965.0; Tile: ROAD
2019-05-29 14:07:00 INFO  Car - Speed:   1.0; Angle:   WEST; Position:   9,2; Parcels:      1; Health: 995.0; Health Usage: 1010.0; Fuel: 4964.0; Tile: ROAD
2019-05-29 14:07:01 INFO  Car - Speed:   1.0; Angle:   WEST; Position:   8,2; Parcels:      1; Health: 995.0; Health Usage: 1010.0; Fuel: 4963.0; Tile: ROAD
2019-05-29 14:07:01 INFO  Car - Speed:   1.0; Angle:   WEST; Position:   7,2; Parcels:      1; Health: 995.0; Health Usage: 1010.0; Fuel: 4962.0; Tile: ROAD
2019-05-29 14:07:01 INFO  Car - Speed:   1.0; Angle:   WEST; Position:   6,2; Parcels:      1; Health: 995.0; Health Usage: 1010.0; Fuel: 4961.0; Tile: ROAD
2019-05-29 14:07:01 INFO  Car - Speed:   1.0; Angle:   WEST; Position:   5,2; Parcels:      1; Health: 995.0; Health Usage: 1010.0; Fuel: 4960.0; Tile: ROAD
2019-05-29 14:07:01 INFO  Car - Speed:   1.0; Angle:   WEST; Position:   4,2; Parcels:      1; Health: 995.0; Health Usage: 1010.0; Fuel: 4959.0; Tile: ROAD
2019-05-29 14:07:01 INFO  Car - Speed:   1.0; Angle:   WEST; Position:   3,2; Parcels:      1; Health: 995.0; Health Usage: 1010.0; Fuel: 4958.0; Tile: ROAD
2019-05-29 14:07:01 INFO  Car - Speed:   1.0; Angle:   WEST; Position:   2,2; Parcels:      1; Health: 995.0; Health Usage: 1010.0; Fuel: 4957.0; Tile: ROAD
2019-05-29 14:07:01 INFO  Car - Speed:   1.0; Angle:   WEST; Position:   1,2; Parcels:      1; Health: 995.0; Health Usage: 1010.0; Fuel: 4956.0; Tile: ROAD
2019-05-29 14:07:01 INFO  Car - Speed:   1.0; Angle:  NORTH; Position:   1,3; Parcels:      1; Health: 995.0; Health Usage: 1010.0; Fuel: 4955.0; Tile: ROAD
2019-05-29 14:07:01 INFO  Car - Speed:   1.0; Angle:  NORTH; Position:   1,4; Parcels:      1; Health: 995.0; Health Usage: 1010.0; Fuel: 4954.0; Tile: ROAD
2019-05-29 14:07:01 INFO  Car - Speed:   1.0; Angle:   EAST; Position:   2,4; Parcels:      1; Health: 995.0; Health Usage: 1010.0; Fuel: 4953.0; Tile: ROAD
2019-05-29 14:07:01 INFO  Car - Speed:   1.0; Angle:   EAST; Position:   3,4; Parcels:      1; Health: 995.0; Health Usage: 1010.0; Fuel: 4952.0; Tile: ROAD
2019-05-29 14:07:01 INFO  Car - Speed:   1.0; Angle:   EAST; Position:   4,4; Parcels:      1; Health: 995.0; Health Usage: 1010.0; Fuel: 4951.0; Tile: ROAD
2019-05-29 14:07:01 INFO  Car - Speed:   1.0; Angle:   EAST; Position:   5,4; Parcels:      1; Health: 995.0; Health Usage: 1010.0; Fuel: 4950.0; Tile: ROAD
2019-05-29 14:07:01 INFO  Car - Speed:   1.0; Angle:   EAST; Position:   6,4; Parcels:      1; Health: 995.0; Health Usage: 1010.0; Fuel: 4949.0; Tile: ROAD
2019-05-29 14:07:01 INFO  Car - Speed:   1.0; Angle:   EAST; Position:   7,4; Parcels:      1; Health: 995.0; Health Usage: 1010.0; Fuel: 4948.0; Tile: ROAD
2019-05-29 14:07:02 INFO  Car - Speed:   1.0; Angle:   EAST; Position:   8,4; Parcels:      1; Health: 995.0; Health Usage: 1010.0; Fuel: 4947.0; Tile: ROAD
2019-05-29 14:07:02 INFO  Car - Speed:   1.0; Angle:   EAST; Position:   9,4; Parcels:      1; Health: 995.0; Health Usage: 1010.0; Fuel: 4946.0; Tile: ROAD
2019-05-29 14:07:02 INFO  Car - Speed:   1.0; Angle:   EAST; Position:  10,4; Parcels:      1; Health: 995.0; Health Usage: 1010.0; Fuel: 4945.0; Tile: ROAD
2019-05-29 14:07:02 INFO  Car - Speed:   1.0; Angle:   EAST; Position:  11,4; Parcels:      1; Health: 995.0; Health Usage: 1010.0; Fuel: 4944.0; Tile: ROAD
2019-05-29 14:07:02 INFO  Car - Speed:   1.0; Angle:   EAST; Position:  12,4; Parcels:      1; Health: 995.0; Health Usage: 1010.0; Fuel: 4943.0; Tile: ROAD
2019-05-29 14:07:02 INFO  Car - Speed:   1.0; Angle:   EAST; Position:  13,4; Parcels:      1; Health: 995.0; Health Usage: 1010.0; Fuel: 4942.0; Tile: ROAD
2019-05-29 14:07:02 INFO  Car - Speed:   1.0; Angle:   EAST; Position:  14,4; Parcels:      1; Health: 995.0; Health Usage: 1010.0; Fuel: 4941.0; Tile: ROAD
2019-05-29 14:07:02 INFO  Car - Speed:   1.0; Angle:   EAST; Position:  15,4; Parcels:      1; Health: 995.0; Health Usage: 1010.0; Fuel: 4940.0; Tile: ROAD
2019-05-29 14:07:02 INFO  Car - Speed:   1.0; Angle:   EAST; Position:  16,4; Parcels:      1; Health: 995.0; Health Usage: 1010.0; Fuel: 4939.0; Tile: ROAD
2019-05-29 14:07:02 INFO  Car - Speed:   1.0; Angle:   EAST; Position:  17,4; Parcels:      1; Health: 995.0; Health Usage: 1010.0; Fuel: 4938.0; Tile: ROAD
2019-05-29 14:07:02 INFO  Car - Speed:   1.0; Angle:   EAST; Position:  18,4; Parcels:      1; Health: 990.0; Health Usage: 1010.0; Fuel: 4937.0; Tile: TRAP(lava)
2019-05-29 14:07:02 INFO  Car - Speed:   1.0; Angle:   EAST; Position:  19,4; Parcels:      1; Health: 985.0; Health Usage: 1010.0; Fuel: 4936.0; Tile: TRAP(lava)
2019-05-29 14:07:02 INFO  Car - Speed:   1.0; Angle:   EAST; Position:  20,4; Parcels:      1; Health: 985.0; Health Usage: 1010.0; Fuel: 4935.0; Tile: ROAD
2019-05-29 14:07:02 INFO  Car - Speed:   1.0; Angle:   EAST; Position:  21,4; Parcels:      1; Health: 985.0; Health Usage: 1010.0; Fuel: 4934.0; Tile: ROAD
2019-05-29 14:07:02 INFO  Car - Speed:   1.0; Angle:   EAST; Position:  22,4; Parcels:      1; Health: 985.0; Health Usage: 1010.0; Fuel: 4933.0; Tile: ROAD
2019-05-29 14:07:02 INFO  Car - Speed:   1.0; Angle:   EAST; Position:  23,4; Parcels:      1; Health: 985.0; Health Usage: 1010.0; Fuel: 4932.0; Tile: ROAD
2019-05-29 14:07:03 INFO  Car - Speed:   1.0; Angle:  NORTH; Position:  23,5; Parcels:      1; Health: 985.0; Health Usage: 1010.0; Fuel: 4931.0; Tile: ROAD
2019-05-29 14:07:03 INFO  Car - Speed:   1.0; Angle:   WEST; Position:  22,5; Parcels:      1; Health: 985.0; Health Usage: 1010.0; Fuel: 4930.0; Tile: ROAD
2019-05-29 14:07:03 INFO  Car - Speed:   1.0; Angle:   WEST; Position:  21,5; Parcels:      1; Health: 985.0; Health Usage: 1010.0; Fuel: 4929.0; Tile: ROAD
2019-05-29 14:07:03 INFO  Car - Speed:   1.0; Angle:   WEST; Position:  20,5; Parcels:      1; Health: 985.0; Health Usage: 1010.0; Fuel: 4928.0; Tile: ROAD
2019-05-29 14:07:03 INFO  Car - Speed:   1.0; Angle:   WEST; Position:  19,5; Parcels:      1; Health: 980.0; Health Usage: 1010.0; Fuel: 4927.0; Tile: TRAP(lava)
2019-05-29 14:07:03 INFO  Car - Speed:   1.0; Angle:   WEST; Position:  18,5; Parcels:      1; Health: 975.0; Health Usage: 1010.0; Fuel: 4926.0; Tile: TRAP(lava)
2019-05-29 14:07:03 INFO  Car - Speed:   1.0; Angle:   WEST; Position:  17,5; Parcels:      1; Health: 975.0; Health Usage: 1010.0; Fuel: 4925.0; Tile: ROAD
2019-05-29 14:07:03 INFO  Car - Speed:   1.0; Angle:   WEST; Position:  16,5; Parcels:      1; Health: 975.0; Health Usage: 1010.0; Fuel: 4924.0; Tile: ROAD
2019-05-29 14:07:03 INFO  Car - Speed:   1.0; Angle:   WEST; Position:  15,5; Parcels:      1; Health: 975.0; Health Usage: 1010.0; Fuel: 4923.0; Tile: ROAD
2019-05-29 14:07:03 INFO  Car - Speed:   1.0; Angle:   WEST; Position:  14,5; Parcels:      1; Health: 975.0; Health Usage: 1010.0; Fuel: 4922.0; Tile: ROAD
2019-05-29 14:07:03 INFO  Car - Speed:   1.0; Angle:   WEST; Position:  13,5; Parcels:      1; Health: 975.0; Health Usage: 1010.0; Fuel: 4921.0; Tile: ROAD
2019-05-29 14:07:03 INFO  Car - Speed:   1.0; Angle:   WEST; Position:  12,5; Parcels:      1; Health: 975.0; Health Usage: 1010.0; Fuel: 4920.0; Tile: ROAD
2019-05-29 14:07:03 INFO  Car - Speed:   1.0; Angle:   WEST; Position:  11,5; Parcels:      1; Health: 975.0; Health Usage: 1010.0; Fuel: 4919.0; Tile: ROAD
2019-05-29 14:07:03 INFO  Car - Speed:   1.0; Angle:   WEST; Position:  10,5; Parcels:      1; Health: 975.0; Health Usage: 1010.0; Fuel: 4918.0; Tile: ROAD
2019-05-29 14:07:03 INFO  Car - Speed:   1.0; Angle:   WEST; Position:   9,5; Parcels:      1; Health: 975.0; Health Usage: 1010.0; Fuel: 4917.0; Tile: ROAD
2019-05-29 14:07:03 INFO  Car - Speed:   1.0; Angle:   WEST; Position:   8,5; Parcels:      1; Health: 975.0; Health Usage: 1010.0; Fuel: 4916.0; Tile: ROAD
2019-05-29 14:07:04 INFO  Car - Speed:   1.0; Angle:   WEST; Position:   7,5; Parcels:      1; Health: 975.0; Health Usage: 1010.0; Fuel: 4915.0; Tile: ROAD
2019-05-29 14:07:04 INFO  Car - Speed:   1.0; Angle:   WEST; Position:   6,5; Parcels:      1; Health: 975.0; Health Usage: 1010.0; Fuel: 4914.0; Tile: ROAD
2019-05-29 14:07:04 INFO  Car - Speed:   1.0; Angle:   WEST; Position:   5,5; Parcels:      1; Health: 975.0; Health Usage: 1010.0; Fuel: 4913.0; Tile: ROAD
2019-05-29 14:07:04 INFO  Car - Speed:   1.0; Angle:   WEST; Position:   4,5; Parcels:      1; Health: 975.0; Health Usage: 1010.0; Fuel: 4912.0; Tile: ROAD
2019-05-29 14:07:04 INFO  Car - Speed:   1.0; Angle:   WEST; Position:   3,5; Parcels:      1; Health: 975.0; Health Usage: 1010.0; Fuel: 4911.0; Tile: ROAD
2019-05-29 14:07:04 INFO  Car - Speed:   1.0; Angle:   WEST; Position:   2,5; Parcels:      1; Health: 975.0; Health Usage: 1010.0; Fuel: 4910.0; Tile: ROAD
2019-05-29 14:07:04 INFO  Car - Speed:   1.0; Angle:   WEST; Position:   1,5; Parcels:      1; Health: 975.0; Health Usage: 1010.0; Fuel: 4909.0; Tile: ROAD
2019-05-29 14:07:04 INFO  Car - Speed:   0.0; Angle:   WEST; Position:   1,5; Parcels:      1; Health: 975.0; Health Usage: 1010.0; Fuel: 4909.0; Tile: ROAD
2019-05-29 14:07:04 INFO  Car - Speed:   1.0; Angle:   WEST; Position:   2,5; Parcels:      1; Health: 975.0; Health Usage: 1010.0; Fuel: 4908.0; Tile: ROAD
2019-05-29 14:07:04 INFO  Car - Speed:   1.0; Angle:   WEST; Position:   3,5; Parcels:      1; Health: 975.0; Health Usage: 1010.0; Fuel: 4907.0; Tile: ROAD
2019-05-29 14:07:04 INFO  Car - Speed:   1.0; Angle:   WEST; Position:   4,5; Parcels:      1; Health: 975.0; Health Usage: 1010.0; Fuel: 4906.0; Tile: ROAD
2019-05-29 14:07:04 INFO  Car - Speed:   1.0; Angle:   WEST; Position:   5,5; Parcels:      1; Health: 975.0; Health Usage: 1010.0; Fuel: 4905.0; Tile: ROAD
2019-05-29 14:07:04 INFO  Car - Speed:   1.0; Angle:   WEST; Position:   6,5; Parcels:      1; Health: 975.0; Health Usage: 1010.0; Fuel: 4904.0; Tile: ROAD
2019-05-29 14:07:04 INFO  Car - Speed:   1.0; Angle:   WEST; Position:   7,5; Parcels:      1; Health: 975.0; Health Usage: 1010.0; Fuel: 4903.0; Tile: ROAD
2019-05-29 14:07:04 INFO  Car - Speed:   1.0; Angle:  SOUTH; Position:   7,6; Parcels:      1; Health: 975.0; Health Usage: 1010.0; Fuel: 4902.0; Tile: ROAD
2019-05-29 14:07:04 INFO  Car - Speed:   1.0; Angle:   WEST; Position:   8,6; Parcels:      1; Health: 975.0; Health Usage: 1010.0; Fuel: 4901.0; Tile: ROAD
2019-05-29 14:07:05 INFO  Car - Speed:   1.0; Angle:  SOUTH; Position:   8,7; Parcels:      1; Health: 975.0; Health Usage: 1010.0; Fuel: 4900.0; Tile: ROAD
2019-05-29 14:07:05 INFO  Car - Speed:   1.0; Angle:   WEST; Position:   9,7; Parcels:      1; Health: 976.3; Health Usage: 1011.25; Fuel: 4899.0; Tile: TRAP(health)
2019-05-29 14:07:05 INFO  Car - Speed:   1.0; Angle:   WEST; Position:  10,7; Parcels:      1; Health: 977.5; Health Usage: 1012.5; Fuel: 4898.0; Tile: TRAP(health)
2019-05-29 14:07:05 INFO  Car - Speed:   1.0; Angle:   WEST; Position:  11,7; Parcels:      1; Health: 978.8; Health Usage: 1013.75; Fuel: 4897.0; Tile: TRAP(health)
2019-05-29 14:07:05 INFO  Car - Speed:   1.0; Angle:   WEST; Position:  12,7; Parcels:      1; Health: 980.0; Health Usage: 1015.0; Fuel: 4896.0; Tile: TRAP(health)
2019-05-29 14:07:05 INFO  Car - Speed:   1.0; Angle:   WEST; Position:  13,7; Parcels:      1; Health: 975.0; Health Usage: 1015.0; Fuel: 4895.0; Tile: TRAP(lava)
2019-05-29 14:07:05 INFO  Car - Speed:   1.0; Angle:   WEST; Position:  14,7; Parcels:      1; Health: 970.0; Health Usage: 1015.0; Fuel: 4894.0; Tile: TRAP(lava)
2019-05-29 14:07:05 INFO  Car - Speed:   1.0; Angle:   WEST; Position:  15,7; Parcels:      1; Health: 970.0; Health Usage: 1015.0; Fuel: 4893.0; Tile: ROAD
2019-05-29 14:07:05 INFO  Car - Speed:   1.0; Angle:   WEST; Position:  16,7; Parcels:      1; Health: 970.0; Health Usage: 1015.0; Fuel: 4892.0; Tile: ROAD
2019-05-29 14:07:05 INFO  Car - Speed:   1.0; Angle:   WEST; Position:  17,7; Parcels:      1; Health: 970.0; Health Usage: 1015.0; Fuel: 4891.0; Tile: ROAD
2019-05-29 14:07:05 INFO  Car - Speed:   1.0; Angle:   WEST; Position:  18,7; Parcels:      1; Health: 970.0; Health Usage: 1015.0; Fuel: 4890.0; Tile: ROAD
2019-05-29 14:07:05 INFO  Car - Speed:   1.0; Angle:  SOUTH; Position:  18,8; Parcels:      1; Health: 970.0; Health Usage: 1015.0; Fuel: 4889.0; Tile: ROAD
2019-05-29 14:07:05 INFO  Car - Speed:   1.0; Angle:   EAST; Position:  17,8; Parcels:      1; Health: 971.3; Health Usage: 1016.25; Fuel: 4888.0; Tile: TRAP(health)
2019-05-29 14:07:05 INFO  Car - Speed:   1.0; Angle:   EAST; Position:  16,8; Parcels:      1; Health: 972.5; Health Usage: 1017.5; Fuel: 4887.0; Tile: TRAP(health)
2019-05-29 14:07:05 INFO  Car - Speed:   1.0; Angle:   EAST; Position:  15,8; Parcels:      1; Health: 972.5; Health Usage: 1017.5; Fuel: 4886.0; Tile: ROAD
2019-05-29 14:07:05 INFO  Car - Speed:   1.0; Angle:   EAST; Position:  14,8; Parcels:      1; Health: 967.5; Health Usage: 1017.5; Fuel: 4885.0; Tile: TRAP(lava)
2019-05-29 14:07:06 INFO  Car - Speed:   1.0; Angle:   EAST; Position:  13,8; Parcels:      1; Health: 962.5; Health Usage: 1017.5; Fuel: 4884.0; Tile: TRAP(lava)
2019-05-29 14:07:06 INFO  Car - Speed:   1.0; Angle:   EAST; Position:  12,8; Parcels:      1; Health: 963.8; Health Usage: 1018.75; Fuel: 4883.0; Tile: TRAP(health)
2019-05-29 14:07:06 INFO  Car - Speed:   1.0; Angle:   EAST; Position:  11,8; Parcels:      1; Health: 965.0; Health Usage: 1020.0; Fuel: 4882.0; Tile: TRAP(health)
2019-05-29 14:07:06 INFO  Car - Speed:   1.0; Angle:   EAST; Position:  10,8; Parcels:      1; Health: 966.3; Health Usage: 1021.25; Fuel: 4881.0; Tile: TRAP(health)
2019-05-29 14:07:06 INFO  Car - Speed:   1.0; Angle:   EAST; Position:   9,8; Parcels:      1; Health: 967.5; Health Usage: 1022.5; Fuel: 4880.0; Tile: TRAP(health)
2019-05-29 14:07:06 INFO  Car - Speed:   1.0; Angle:   EAST; Position:   8,8; Parcels:      1; Health: 967.5; Health Usage: 1022.5; Fuel: 4879.0; Tile: ROAD
2019-05-29 14:07:06 INFO  Car - Speed:   1.0; Angle:   EAST; Position:   7,8; Parcels:      1; Health: 967.5; Health Usage: 1022.5; Fuel: 4878.0; Tile: ROAD
2019-05-29 14:07:06 INFO  Car - Speed:   1.0; Angle:  NORTH; Position:   7,7; Parcels:      1; Health: 967.5; Health Usage: 1022.5; Fuel: 4877.0; Tile: ROAD
2019-05-29 14:07:06 INFO  Car - Speed:   0.0; Angle:  NORTH; Position:   7,7; Parcels:      1; Health: 967.5; Health Usage: 1022.5; Fuel: 4877.0; Tile: ROAD
2019-05-29 14:07:06 INFO  Car - Speed:   1.0; Angle:  NORTH; Position:   7,8; Parcels:      1; Health: 967.5; Health Usage: 1022.5; Fuel: 4876.0; Tile: ROAD
2019-05-29 14:07:06 INFO  Car - Speed:   1.0; Angle:  NORTH; Position:   7,9; Parcels:      1; Health: 967.5; Health Usage: 1022.5; Fuel: 4875.0; Tile: ROAD
2019-05-29 14:07:06 INFO  Car - Speed:   1.0; Angle:   EAST; Position:   8,9; Parcels:      1; Health: 967.5; Health Usage: 1022.5; Fuel: 4874.0; Tile: ROAD
2019-05-29 14:07:06 INFO  Car - Speed:   1.0; Angle:   EAST; Position:   9,9; Parcels:      1; Health: 968.8; Health Usage: 1023.75; Fuel: 4873.0; Tile: TRAP(health)
2019-05-29 14:07:06 INFO  Car - Speed:   1.0; Angle:   EAST; Position:  10,9; Parcels:      1; Health: 970.0; Health Usage: 1025.0; Fuel: 4872.0; Tile: TRAP(health)
2019-05-29 14:07:06 INFO  Car - Speed:   1.0; Angle:   EAST; Position:  11,9; Parcels:      1; Health: 971.3; Health Usage: 1026.25; Fuel: 4871.0; Tile: TRAP(health)
2019-05-29 14:07:06 INFO  Car - Speed:   1.0; Angle:   EAST; Position:  12,9; Parcels:      1; Health: 972.5; Health Usage: 1027.5; Fuel: 4870.0; Tile: TRAP(health)
2019-05-29 14:07:07 INFO  Car - Speed:   1.0; Angle:   EAST; Position:  13,9; Parcels:      1; Health: 967.5; Health Usage: 1027.5; Fuel: 4869.0; Tile: TRAP(lava)
2019-05-29 14:07:07 INFO  Car - Speed:   1.0; Angle:   EAST; Position:  14,9; Parcels:      1; Health: 962.5; Health Usage: 1027.5; Fuel: 4868.0; Tile: TRAP(lava)
2019-05-29 14:07:07 INFO  Car - Speed:   1.0; Angle:   EAST; Position:  15,9; Parcels:      1; Health: 962.5; Health Usage: 1027.5; Fuel: 4867.0; Tile: ROAD
2019-05-29 14:07:07 INFO  Car - Speed:   1.0; Angle:   EAST; Position:  16,9; Parcels:      1; Health: 963.8; Health Usage: 1028.75; Fuel: 4866.0; Tile: TRAP(health)
2019-05-29 14:07:07 INFO  Car - Speed:   1.0; Angle:   EAST; Position:  17,9; Parcels:      1; Health: 965.0; Health Usage: 1030.0; Fuel: 4865.0; Tile: TRAP(health)
2019-05-29 14:07:07 INFO  Car - Speed:   1.0; Angle:   EAST; Position:  18,9; Parcels:      1; Health: 965.0; Health Usage: 1030.0; Fuel: 4864.0; Tile: ROAD
2019-05-29 14:07:07 INFO  Car - Speed:   1.0; Angle:  NORTH; Position: 18,10; Parcels:      1; Health: 965.0; Health Usage: 1030.0; Fuel: 4863.0; Tile: ROAD
2019-05-29 14:07:07 INFO  Car - Speed:   1.0; Angle:   WEST; Position: 17,10; Parcels:      1; Health: 966.3; Health Usage: 1031.25; Fuel: 4862.0; Tile: TRAP(health)
2019-05-29 14:07:07 INFO  Car - Speed:   1.0; Angle:   WEST; Position: 16,10; Parcels:      1; Health: 967.5; Health Usage: 1032.5; Fuel: 4861.0; Tile: TRAP(health)
2019-05-29 14:07:07 INFO  Car - Speed:   1.0; Angle:   WEST; Position: 15,10; Parcels:      1; Health: 967.5; Health Usage: 1032.5; Fuel: 4860.0; Tile: ROAD
2019-05-29 14:07:07 INFO  Car - Speed:   1.0; Angle:   WEST; Position: 14,10; Parcels:      1; Health: 962.5; Health Usage: 1032.5; Fuel: 4859.0; Tile: TRAP(lava)
2019-05-29 14:07:07 INFO  Car - Speed:   1.0; Angle:   WEST; Position: 13,10; Parcels:      1; Health: 957.5; Health Usage: 1032.5; Fuel: 4858.0; Tile: TRAP(lava)
2019-05-29 14:07:07 INFO  Car - Speed:   1.0; Angle:   WEST; Position: 12,10; Parcels:      1; Health: 958.8; Health Usage: 1033.75; Fuel: 4857.0; Tile: TRAP(health)
2019-05-29 14:07:07 INFO  Car - Speed:   1.0; Angle:   WEST; Position: 11,10; Parcels:      1; Health: 960.0; Health Usage: 1035.0; Fuel: 4856.0; Tile: TRAP(health)
2019-05-29 14:07:07 INFO  Car - Speed:   1.0; Angle:   WEST; Position: 10,10; Parcels:      1; Health: 961.3; Health Usage: 1036.25; Fuel: 4855.0; Tile: TRAP(health)
2019-05-29 14:07:07 INFO  Car - Speed:   1.0; Angle:   WEST; Position:  9,10; Parcels:      1; Health: 962.5; Health Usage: 1037.5; Fuel: 4854.0; Tile: TRAP(health)
2019-05-29 14:07:08 INFO  Car - Speed:   1.0; Angle:   WEST; Position:  8,10; Parcels:      1; Health: 962.5; Health Usage: 1037.5; Fuel: 4853.0; Tile: ROAD
2019-05-29 14:07:08 INFO  Car - Speed:   1.0; Angle:   WEST; Position:  7,10; Parcels:      1; Health: 962.5; Health Usage: 1037.5; Fuel: 4852.0; Tile: ROAD
2019-05-29 14:07:08 INFO  Car - Speed:   1.0; Angle:  NORTH; Position:  7,11; Parcels:      1; Health: 962.5; Health Usage: 1037.5; Fuel: 4851.0; Tile: ROAD
2019-05-29 14:07:08 INFO  Car - Speed:   1.0; Angle:   EAST; Position:  8,11; Parcels:      1; Health: 962.5; Health Usage: 1037.5; Fuel: 4850.0; Tile: ROAD
2019-05-29 14:07:08 INFO  Car - Speed:   1.0; Angle:   EAST; Position:  9,11; Parcels:      1; Health: 963.8; Health Usage: 1038.75; Fuel: 4849.0; Tile: TRAP(health)
2019-05-29 14:07:08 INFO  Car - Speed:   1.0; Angle:   EAST; Position: 10,11; Parcels:      1; Health: 965.0; Health Usage: 1040.0; Fuel: 4848.0; Tile: TRAP(health)
2019-05-29 14:07:08 INFO  Car - Speed:   1.0; Angle:   EAST; Position: 11,11; Parcels:      1; Health: 966.3; Health Usage: 1041.25; Fuel: 4847.0; Tile: TRAP(health)
2019-05-29 14:07:08 INFO  Car - Speed:   1.0; Angle:   EAST; Position: 12,11; Parcels:      1; Health: 967.5; Health Usage: 1042.5; Fuel: 4846.0; Tile: TRAP(health)
2019-05-29 14:07:08 INFO  Car - Speed:   1.0; Angle:   EAST; Position: 13,11; Parcels:      1; Health: 962.5; Health Usage: 1042.5; Fuel: 4845.0; Tile: TRAP(lava)
2019-05-29 14:07:08 INFO  Car - Speed:   1.0; Angle:   EAST; Position: 14,11; Parcels:      1; Health: 957.5; Health Usage: 1042.5; Fuel: 4844.0; Tile: TRAP(lava)
2019-05-29 14:07:08 INFO  Car - Speed:   1.0; Angle:   EAST; Position: 15,11; Parcels:      1; Health: 957.5; Health Usage: 1042.5; Fuel: 4843.0; Tile: ROAD
2019-05-29 14:07:08 INFO  Car - Speed:   1.0; Angle:   EAST; Position: 16,11; Parcels:      1; Health: 957.5; Health Usage: 1042.5; Fuel: 4842.0; Tile: ROAD
2019-05-29 14:07:08 INFO  Car - Speed:   1.0; Angle:   EAST; Position: 17,11; Parcels:      1; Health: 957.5; Health Usage: 1042.5; Fuel: 4841.0; Tile: ROAD
2019-05-29 14:07:08 INFO  Car - Speed:   1.0; Angle:   EAST; Position: 18,11; Parcels:      1; Health: 957.5; Health Usage: 1042.5; Fuel: 4840.0; Tile: ROAD
2019-05-29 14:07:08 INFO  Car - Speed:   0.0; Angle:   EAST; Position: 18,11; Parcels:      1; Health: 957.5; Health Usage: 1042.5; Fuel: 4840.0; Tile: ROAD
2019-05-29 14:07:08 INFO  Car - Speed:   1.0; Angle:   EAST; Position: 17,11; Parcels:      1; Health: 957.5; Health Usage: 1042.5; Fuel: 4839.0; Tile: ROAD
2019-05-29 14:07:09 INFO  Car - Speed:   1.0; Angle:   EAST; Position: 16,11; Parcels:      1; Health: 957.5; Health Usage: 1042.5; Fuel: 4838.0; Tile: ROAD
2019-05-29 14:07:09 INFO  Car - Speed:   1.0; Angle:   EAST; Position: 15,11; Parcels:      1; Health: 957.5; Health Usage: 1042.5; Fuel: 4837.0; Tile: ROAD
2019-05-29 14:07:09 INFO  Car - Speed:   1.0; Angle:   EAST; Position: 14,11; Parcels:      1; Health: 952.5; Health Usage: 1042.5; Fuel: 4836.0; Tile: TRAP(lava)
2019-05-29 14:07:09 INFO  Car - Speed:   1.0; Angle:   EAST; Position: 13,11; Parcels:      1; Health: 947.5; Health Usage: 1042.5; Fuel: 4835.0; Tile: TRAP(lava)
2019-05-29 14:07:09 INFO  Car - Speed:   1.0; Angle:   EAST; Position: 12,11; Parcels:      1; Health: 948.8; Health Usage: 1043.75; Fuel: 4834.0; Tile: TRAP(health)
2019-05-29 14:07:09 INFO  Car - Speed:   1.0; Angle:   EAST; Position: 11,11; Parcels:      1; Health: 950.0; Health Usage: 1045.0; Fuel: 4833.0; Tile: TRAP(health)
2019-05-29 14:07:09 INFO  Car - Speed:   1.0; Angle:   EAST; Position: 10,11; Parcels:      1; Health: 951.3; Health Usage: 1046.25; Fuel: 4832.0; Tile: TRAP(health)
2019-05-29 14:07:09 INFO  Car - Speed:   1.0; Angle:   EAST; Position:  9,11; Parcels:      1; Health: 952.5; Health Usage: 1047.5; Fuel: 4831.0; Tile: TRAP(health)
2019-05-29 14:07:09 INFO  Car - Speed:   1.0; Angle:   EAST; Position:  8,11; Parcels:      1; Health: 952.5; Health Usage: 1047.5; Fuel: 4830.0; Tile: ROAD
2019-05-29 14:07:09 INFO  Car - Speed:   1.0; Angle:  SOUTH; Position:  8,12; Parcels:      1; Health: 952.5; Health Usage: 1047.5; Fuel: 4829.0; Tile: ROAD
2019-05-29 14:07:09 INFO  Car - Speed:   1.0; Angle:   EAST; Position:  7,12; Parcels:      1; Health: 952.5; Health Usage: 1047.5; Fuel: 4828.0; Tile: ROAD
2019-05-29 14:07:09 INFO  Car - Speed:   1.0; Angle:  SOUTH; Position:  7,13; Parcels:      1; Health: 952.5; Health Usage: 1047.5; Fuel: 4827.0; Tile: ROAD
2019-05-29 14:07:09 INFO  Car - Speed:   1.0; Angle:   WEST; Position:  8,13; Parcels:      1; Health: 952.5; Health Usage: 1047.5; Fuel: 4826.0; Tile: ROAD
2019-05-29 14:07:09 INFO  Car - Speed:   1.0; Angle:   WEST; Position:  9,13; Parcels:      1; Health: 952.5; Health Usage: 1047.5; Fuel: 4825.0; Tile: ROAD
2019-05-29 14:07:09 INFO  Car - Speed:   1.0; Angle:   WEST; Position: 10,13; Parcels:      1; Health: 952.5; Health Usage: 1047.5; Fuel: 4824.0; Tile: ROAD
2019-05-29 14:07:09 INFO  Car - Speed:   1.0; Angle:   WEST; Position: 11,13; Parcels:      1; Health: 952.5; Health Usage: 1047.5; Fuel: 4823.0; Tile: ROAD
2019-05-29 14:07:10 INFO  Car - Speed:   1.0; Angle:   WEST; Position: 12,13; Parcels:      1; Health: 952.5; Health Usage: 1047.5; Fuel: 4822.0; Tile: ROAD
2019-05-29 14:07:10 INFO  Car - Speed:   1.0; Angle:   WEST; Position: 13,13; Parcels:      1; Health: 952.5; Health Usage: 1047.5; Fuel: 4821.0; Tile: ROAD
2019-05-29 14:07:10 INFO  Car - Speed:   1.0; Angle:   WEST; Position: 14,13; Parcels:      1; Health: 952.5; Health Usage: 1047.5; Fuel: 4820.0; Tile: ROAD
2019-05-29 14:07:10 INFO  Car - Speed:   1.0; Angle:   WEST; Position: 15,13; Parcels:      1; Health: 947.5; Health Usage: 1047.5; Fuel: 4819.0; Tile: TRAP(lava)
2019-05-29 14:07:10 INFO  Car - Speed:   1.0; Angle:   WEST; Position: 16,13; Parcels:      2; Health: 947.5; Health Usage: 1047.5; Fuel: 4818.0; Tile: ROAD
2019-05-29 14:07:10 INFO  Car - Speed:   1.0; Angle:   WEST; Position: 17,13; Parcels:      2; Health: 952.5; Health Usage: 1052.5; Fuel: 4817.0; Tile: ROAD
2019-05-29 14:07:10 INFO  Car - Speed:   1.0; Angle:   WEST; Position: 18,13; Parcels:      2; Health: 957.5; Health Usage: 1057.5; Fuel: 4816.0; Tile: ROAD
2019-05-29 14:07:10 INFO  Car - Speed:   1.0; Angle:  SOUTH; Position: 18,14; Parcels:      2; Health: 962.5; Health Usage: 1062.5; Fuel: 4815.0; Tile: ROAD
2019-05-29 14:07:10 INFO  Car - Speed:   1.0; Angle:   EAST; Position: 17,14; Parcels:      2; Health: 967.5; Health Usage: 1067.5; Fuel: 4814.0; Tile: ROAD
2019-05-29 14:07:10 INFO  Car - Speed:   1.0; Angle:   EAST; Position: 16,14; Parcels:      2; Health: 962.5; Health Usage: 1067.5; Fuel: 4813.0; Tile: TRAP(lava)
2019-05-29 14:07:10 INFO  Car - Speed:   1.0; Angle:   EAST; Position: 15,14; Parcels:      2; Health: 957.5; Health Usage: 1067.5; Fuel: 4812.0; Tile: TRAP(lava)
2019-05-29 14:07:10 INFO  Car - Speed:   1.0; Angle:   EAST; Position: 14,14; Parcels:      2; Health: 957.5; Health Usage: 1067.5; Fuel: 4811.0; Tile: ROAD
2019-05-29 14:07:10 INFO  Car - Speed:   1.0; Angle:   EAST; Position: 13,14; Parcels:      2; Health: 957.5; Health Usage: 1067.5; Fuel: 4810.0; Tile: ROAD
2019-05-29 14:07:10 INFO  Car - Speed:   1.0; Angle:   EAST; Position: 12,14; Parcels:      2; Health: 957.5; Health Usage: 1067.5; Fuel: 4809.0; Tile: ROAD
2019-05-29 14:07:10 INFO  Car - Speed:   1.0; Angle:   EAST; Position: 11,14; Parcels:      2; Health: 957.5; Health Usage: 1067.5; Fuel: 4808.0; Tile: ROAD
2019-05-29 14:07:10 INFO  Car - Speed:   1.0; Angle:   EAST; Position: 10,14; Parcels:      2; Health: 957.5; Health Usage: 1067.5; Fuel: 4807.0; Tile: ROAD
2019-05-29 14:07:11 INFO  Car - Speed:   1.0; Angle:   EAST; Position:  9,14; Parcels:      2; Health: 957.5; Health Usage: 1067.5; Fuel: 4806.0; Tile: ROAD
2019-05-29 14:07:11 INFO  Car - Speed:   1.0; Angle:   EAST; Position:  8,14; Parcels:      2; Health: 957.5; Health Usage: 1067.5; Fuel: 4805.0; Tile: ROAD
2019-05-29 14:07:11 INFO  Car - Speed:   1.0; Angle:   EAST; Position:  7,14; Parcels:      2; Health: 957.5; Health Usage: 1067.5; Fuel: 4804.0; Tile: ROAD
2019-05-29 14:07:11 INFO  Car - Speed:   1.0; Angle:   EAST; Position:  6,14; Parcels:      2; Health: 957.5; Health Usage: 1067.5; Fuel: 4803.0; Tile: ROAD
2019-05-29 14:07:11 INFO  Car - Speed:   1.0; Angle:   EAST; Position:  5,14; Parcels:      2; Health: 957.5; Health Usage: 1067.5; Fuel: 4802.0; Tile: ROAD
2019-05-29 14:07:11 INFO  Car - Speed:   1.0; Angle:   EAST; Position:  4,14; Parcels:      2; Health: 957.5; Health Usage: 1067.5; Fuel: 4801.0; Tile: ROAD
2019-05-29 14:07:11 INFO  Car - Speed:   1.0; Angle:   EAST; Position:  3,14; Parcels:      2; Health: 957.5; Health Usage: 1067.5; Fuel: 4800.0; Tile: ROAD
2019-05-29 14:07:11 INFO  Car - Speed:   1.0; Angle:   EAST; Position:  2,14; Parcels:      2; Health: 957.5; Health Usage: 1067.5; Fuel: 4799.0; Tile: ROAD
2019-05-29 14:07:11 INFO  Car - Speed:   1.0; Angle:   EAST; Position:  1,14; Parcels:      2; Health: 957.5; Health Usage: 1067.5; Fuel: 4798.0; Tile: ROAD
2019-05-29 14:07:11 INFO  Car - Speed:   1.0; Angle:  NORTH; Position:  1,13; Parcels:      2; Health: 957.5; Health Usage: 1067.5; Fuel: 4797.0; Tile: ROAD
2019-05-29 14:07:11 INFO  Car - Speed:   1.0; Angle:   WEST; Position:  2,13; Parcels:      2; Health: 957.5; Health Usage: 1067.5; Fuel: 4796.0; Tile: ROAD
2019-05-29 14:07:11 INFO  Car - Speed:   1.0; Angle:   WEST; Position:  3,13; Parcels:      2; Health: 957.5; Health Usage: 1067.5; Fuel: 4795.0; Tile: ROAD
2019-05-29 14:07:11 INFO  Car - Speed:   1.0; Angle:   WEST; Position:  4,13; Parcels:      2; Health: 957.5; Health Usage: 1067.5; Fuel: 4794.0; Tile: ROAD
2019-05-29 14:07:11 INFO  Car - Speed:   1.0; Angle:   WEST; Position:  5,13; Parcels:      2; Health: 957.5; Health Usage: 1067.5; Fuel: 4793.0; Tile: ROAD
2019-05-29 14:07:11 INFO  Car - Speed:   1.0; Angle:   WEST; Position:  6,13; Parcels:      2; Health: 957.5; Health Usage: 1067.5; Fuel: 4792.0; Tile: ROAD
2019-05-29 14:07:11 INFO  Car - Speed:   0.0; Angle:   WEST; Position:  6,13; Parcels:      2; Health: 957.5; Health Usage: 1067.5; Fuel: 4792.0; Tile: ROAD
2019-05-29 14:07:12 INFO  Car - Speed:   1.0; Angle:   WEST; Position:  5,13; Parcels:      2; Health: 957.5; Health Usage: 1067.5; Fuel: 4791.0; Tile: ROAD
2019-05-29 14:07:12 INFO  Car - Speed:   1.0; Angle:   WEST; Position:  4,13; Parcels:      2; Health: 957.5; Health Usage: 1067.5; Fuel: 4790.0; Tile: ROAD
2019-05-29 14:07:12 INFO  Car - Speed:   1.0; Angle:   WEST; Position:  3,13; Parcels:      2; Health: 957.5; Health Usage: 1067.5; Fuel: 4789.0; Tile: ROAD
2019-05-29 14:07:12 INFO  Car - Speed:   1.0; Angle:  SOUTH; Position:  3,12; Parcels:      2; Health: 952.5; Health Usage: 1067.5; Fuel: 4788.0; Tile: TRAP(lava)
2019-05-29 14:07:12 INFO  Car - Speed:   1.0; Angle:   WEST; Position:  2,12; Parcels:      2; Health: 947.5; Health Usage: 1067.5; Fuel: 4787.0; Tile: TRAP(lava)
2019-05-29 14:07:12 INFO  Car - Speed:   1.0; Angle:   WEST; Position:  1,12; Parcels:      2; Health: 942.5; Health Usage: 1067.5; Fuel: 4786.0; Tile: TRAP(lava)
2019-05-29 14:07:12 INFO  Car - Speed:   1.0; Angle:  SOUTH; Position:  1,11; Parcels:      2; Health: 937.5; Health Usage: 1067.5; Fuel: 4785.0; Tile: TRAP(lava)
2019-05-29 14:07:12 INFO  Car - Speed:   1.0; Angle:   EAST; Position:  2,11; Parcels:      2; Health: 932.5; Health Usage: 1067.5; Fuel: 4784.0; Tile: TRAP(lava)
2019-05-29 14:07:12 INFO  Car - Speed:   1.0; Angle:   EAST; Position:  3,11; Parcels:      2; Health: 927.5; Health Usage: 1067.5; Fuel: 4783.0; Tile: TRAP(lava)
2019-05-29 14:07:12 INFO  Car - Speed:   1.0; Angle:   EAST; Position:  4,11; Parcels:      2; Health: 922.5; Health Usage: 1067.5; Fuel: 4782.0; Tile: TRAP(lava)
2019-05-29 14:07:12 INFO  Car - Speed:   1.0; Angle:   EAST; Position:  5,11; Parcels:      2; Health: 917.5; Health Usage: 1067.5; Fuel: 4781.0; Tile: TRAP(lava)
2019-05-29 14:07:12 INFO  Car - Speed:   1.0; Angle:  SOUTH; Position:  5,10; Parcels:      2; Health: 918.8; Health Usage: 1068.75; Fuel: 4780.0; Tile: TRAP(health)
2019-05-29 14:07:12 INFO  Car - Speed:   1.0; Angle:   WEST; Position:  4,10; Parcels:      2; Health: 920.0; Health Usage: 1070.0; Fuel: 4779.0; Tile: TRAP(health)
2019-05-29 14:07:12 INFO  Car - Speed:   1.0; Angle:   WEST; Position:  3,10; Parcels:      2; Health: 921.3; Health Usage: 1071.25; Fuel: 4778.0; Tile: TRAP(health)
2019-05-29 14:07:12 INFO  Car - Speed:   1.0; Angle:   WEST; Position:  2,10; Parcels:      2; Health: 922.5; Health Usage: 1072.5; Fuel: 4777.0; Tile: TRAP(health)
2019-05-29 14:07:12 INFO  Car - Speed:   1.0; Angle:   WEST; Position:  1,10; Parcels:      2; Health: 923.8; Health Usage: 1073.75; Fuel: 4776.0; Tile: TRAP(health)
2019-05-29 14:07:13 INFO  Car - Speed:   1.0; Angle:  SOUTH; Position:   1,9; Parcels:      2; Health: 925.0; Health Usage: 1075.0; Fuel: 4775.0; Tile: TRAP(health)
2019-05-29 14:07:13 INFO  Car - Speed:   1.0; Angle:   EAST; Position:   2,9; Parcels:      2; Health: 926.3; Health Usage: 1076.25; Fuel: 4774.0; Tile: TRAP(health)
2019-05-29 14:07:13 INFO  Car - Speed:   1.0; Angle:   EAST; Position:   3,9; Parcels:      2; Health: 931.3; Health Usage: 1081.25; Fuel: 4773.0; Tile: ROAD
2019-05-29 14:07:13 INFO  Car - Speed:   1.0; Angle:   EAST; Position:   4,9; Parcels:      2; Health: 932.5; Health Usage: 1082.5; Fuel: 4772.0; Tile: TRAP(health)
2019-05-29 14:07:13 INFO  Car - Speed:   1.0; Angle:   EAST; Position:   5,9; Parcels:      2; Health: 933.8; Health Usage: 1083.75; Fuel: 4771.0; Tile: TRAP(health)
2019-05-29 14:07:13 INFO  Car - Speed:   1.0; Angle:  SOUTH; Position:   5,8; Parcels:      2; Health: 935.0; Health Usage: 1085.0; Fuel: 4770.0; Tile: TRAP(health)
2019-05-29 14:07:13 INFO  Car - Speed:   1.0; Angle:   WEST; Position:   4,8; Parcels:      2; Health: 936.3; Health Usage: 1086.25; Fuel: 4769.0; Tile: TRAP(health)
2019-05-29 14:07:13 INFO  Car - Speed:   1.0; Angle:   WEST; Position:   3,8; Parcels:      2; Health: 941.3; Health Usage: 1091.25; Fuel: 4768.0; Tile: ROAD
2019-05-29 14:07:13 INFO  Car - Speed:   1.0; Angle:   WEST; Position:   2,8; Parcels:      2; Health: 942.5; Health Usage: 1092.5; Fuel: 4767.0; Tile: TRAP(health)
2019-05-29 14:07:13 INFO  Car - Speed:   1.0; Angle:   WEST; Position:   1,8; Parcels:      2; Health: 943.8; Health Usage: 1093.75; Fuel: 4766.0; Tile: TRAP(health)
2019-05-29 14:07:13 INFO  Car - Speed:   1.0; Angle:  SOUTH; Position:   1,7; Parcels:      2; Health: 945.0; Health Usage: 1095.0; Fuel: 4765.0; Tile: TRAP(health)
2019-05-29 14:07:13 INFO  Car - Speed:   1.0; Angle:   EAST; Position:   2,7; Parcels:      2; Health: 946.3; Health Usage: 1096.25; Fuel: 4764.0; Tile: TRAP(health)
2019-05-29 14:07:13 INFO  Car - Speed:   1.0; Angle:   EAST; Position:   3,7; Parcels:      2; Health: 947.5; Health Usage: 1097.5; Fuel: 4763.0; Tile: TRAP(health)
2019-05-29 14:07:13 INFO  Car - Speed:   1.0; Angle:   EAST; Position:   4,7; Parcels:      2; Health: 948.8; Health Usage: 1098.75; Fuel: 4762.0; Tile: TRAP(health)
2019-05-29 14:07:13 INFO  Car - Speed:   1.0; Angle:   EAST; Position:   5,7; Parcels:      2; Health: 950.0; Health Usage: 1100.0; Fuel: 4761.0; Tile: TRAP(health)
2019-05-29 14:07:13 INFO  Car - Speed:   1.0; Angle:  NORTH; Position:   5,8; Parcels:      2; Health: 951.3; Health Usage: 1101.25; Fuel: 4760.0; Tile: TRAP(health)
2019-05-29 14:07:14 INFO  Car - Speed:   1.0; Angle:  NORTH; Position:   5,9; Parcels:      2; Health: 952.5; Health Usage: 1102.5; Fuel: 4759.0; Tile: TRAP(health)
2019-05-29 14:07:14 INFO  Car - Speed:   1.0; Angle:  NORTH; Position:  5,10; Parcels:      2; Health: 953.8; Health Usage: 1103.75; Fuel: 4758.0; Tile: TRAP(health)
2019-05-29 14:07:14 INFO  Car - Speed:   1.0; Angle:  NORTH; Position:  5,11; Parcels:      2; Health: 948.8; Health Usage: 1103.75; Fuel: 4757.0; Tile: TRAP(lava)
2019-05-29 14:07:14 INFO  Car - Speed:   1.0; Angle:   WEST; Position:  4,11; Parcels:      2; Health: 943.8; Health Usage: 1103.75; Fuel: 4756.0; Tile: TRAP(lava)
2019-05-29 14:07:14 INFO  Car - Speed:   1.0; Angle:   WEST; Position:  3,11; Parcels:      2; Health: 938.8; Health Usage: 1103.75; Fuel: 4755.0; Tile: TRAP(lava)
2019-05-29 14:07:14 INFO  Car - Speed:   1.0; Angle:  NORTH; Position:  3,12; Parcels:      2; Health: 933.8; Health Usage: 1103.75; Fuel: 4754.0; Tile: TRAP(lava)
2019-05-29 14:07:14 INFO  Car - Speed:   1.0; Angle:  NORTH; Position:  3,13; Parcels:      2; Health: 933.8; Health Usage: 1103.75; Fuel: 4753.0; Tile: ROAD
2019-05-29 14:07:14 INFO  Car - Speed:   1.0; Angle:  NORTH; Position:  3,14; Parcels:      2; Health: 933.8; Health Usage: 1103.75; Fuel: 4752.0; Tile: ROAD
2019-05-29 14:07:14 INFO  Car - Speed:   1.0; Angle:  NORTH; Position:  3,15; Parcels:      2; Health: 933.8; Health Usage: 1103.75; Fuel: 4751.0; Tile: ROAD
2019-05-29 14:07:14 INFO  Car - Speed:   1.0; Angle:   WEST; Position:  2,15; Parcels:      2; Health: 933.8; Health Usage: 1103.75; Fuel: 4750.0; Tile: ROAD
2019-05-29 14:07:14 INFO  Car - Speed:   1.0; Angle:   WEST; Position:  1,15; Parcels:      2; Health: 933.8; Health Usage: 1103.75; Fuel: 4749.0; Tile: ROAD
2019-05-29 14:07:14 INFO  Car - Speed:   0.0; Angle:   WEST; Position:  1,15; Parcels:      2; Health: 933.8; Health Usage: 1103.75; Fuel: 4749.0; Tile: ROAD
2019-05-29 14:07:14 INFO  Car - Speed:   1.0; Angle:   WEST; Position:  2,15; Parcels:      2; Health: 933.8; Health Usage: 1103.75; Fuel: 4748.0; Tile: ROAD
2019-05-29 14:07:14 INFO  Car - Speed:   1.0; Angle:   WEST; Position:  3,15; Parcels:      2; Health: 933.8; Health Usage: 1103.75; Fuel: 4747.0; Tile: ROAD
2019-05-29 14:07:14 INFO  Car - Speed:   1.0; Angle:   WEST; Position:  4,15; Parcels:      2; Health: 933.8; Health Usage: 1103.75; Fuel: 4746.0; Tile: ROAD
2019-05-29 14:07:14 INFO  Car - Speed:   1.0; Angle:   WEST; Position:  5,15; Parcels:      3; Health: 933.8; Health Usage: 1103.75; Fuel: 4745.0; Tile: ROAD
2019-05-29 14:07:15 INFO  Car - Speed:   1.0; Angle:   WEST; Position:  6,15; Parcels:      3; Health: 933.8; Health Usage: 1103.75; Fuel: 4744.0; Tile: ROAD
2019-05-29 14:07:15 INFO  Car - Speed:   1.0; Angle:   WEST; Position:  7,15; Parcels:      3; Health: 933.8; Health Usage: 1103.75; Fuel: 4743.0; Tile: ROAD
2019-05-29 14:07:15 INFO  Car - Speed:   1.0; Angle:   WEST; Position:  8,15; Parcels:      3; Health: 933.8; Health Usage: 1103.75; Fuel: 4742.0; Tile: ROAD
2019-05-29 14:07:15 INFO  Car - Speed:   1.0; Angle:   WEST; Position:  9,15; Parcels:      3; Health: 933.8; Health Usage: 1103.75; Fuel: 4741.0; Tile: ROAD
2019-05-29 14:07:15 INFO  Car - Speed:   1.0; Angle:   WEST; Position: 10,15; Parcels:      3; Health: 933.8; Health Usage: 1103.75; Fuel: 4740.0; Tile: ROAD
2019-05-29 14:07:15 INFO  Car - Speed:   1.0; Angle:   WEST; Position: 11,15; Parcels:      3; Health: 933.8; Health Usage: 1103.75; Fuel: 4739.0; Tile: ROAD
2019-05-29 14:07:15 INFO  Car - Speed:   1.0; Angle:  SOUTH; Position: 11,16; Parcels:      3; Health: 933.8; Health Usage: 1103.75; Fuel: 4738.0; Tile: ROAD
2019-05-29 14:07:15 INFO  Car - Speed:   1.0; Angle:   EAST; Position: 10,16; Parcels:      3; Health: 933.8; Health Usage: 1103.75; Fuel: 4737.0; Tile: ROAD
2019-05-29 14:07:15 INFO  Car - Speed:   1.0; Angle:   EAST; Position:  9,16; Parcels:      3; Health: 933.8; Health Usage: 1103.75; Fuel: 4736.0; Tile: ROAD
2019-05-29 14:07:15 INFO  Car - Speed:   1.0; Angle:   EAST; Position:  8,16; Parcels:      3; Health: 933.8; Health Usage: 1103.75; Fuel: 4735.0; Tile: ROAD
2019-05-29 14:07:15 INFO  Car - Speed:   1.0; Angle:   EAST; Position:  7,16; Parcels:      3; Health: 933.8; Health Usage: 1103.75; Fuel: 4734.0; Tile: ROAD
2019-05-29 14:07:15 INFO  Car - Speed:   1.0; Angle:   EAST; Position:  6,16; Parcels:      3; Health: 933.8; Health Usage: 1103.75; Fuel: 4733.0; Tile: ROAD
2019-05-29 14:07:15 INFO  Car - Speed:   1.0; Angle:   EAST; Position:  5,16; Parcels:      3; Health: 933.8; Health Usage: 1103.75; Fuel: 4732.0; Tile: ROAD
2019-05-29 14:07:15 INFO  Car - Speed:   1.0; Angle:   EAST; Position:  4,16; Parcels:      3; Health: 933.8; Health Usage: 1103.75; Fuel: 4731.0; Tile: ROAD
2019-05-29 14:07:15 INFO  Car - Speed:   1.0; Angle:   EAST; Position:  3,16; Parcels:      3; Health: 933.8; Health Usage: 1103.75; Fuel: 4730.0; Tile: ROAD
2019-05-29 14:07:15 INFO  Car - Speed:   1.0; Angle:   EAST; Position:  2,16; Parcels:      3; Health: 933.8; Health Usage: 1103.75; Fuel: 4729.0; Tile: ROAD
2019-05-29 14:07:16 INFO  Car - Speed:   1.0; Angle:   EAST; Position:  1,16; Parcels:      3; Health: 933.8; Health Usage: 1103.75; Fuel: 4728.0; Tile: ROAD
2019-05-29 14:07:16 INFO  Car - Speed:   1.0; Angle:  SOUTH; Position:  1,17; Parcels:      3; Health: 933.8; Health Usage: 1103.75; Fuel: 4727.0; Tile: ROAD
2019-05-29 14:07:16 INFO  Car - Speed:   1.0; Angle:   WEST; Position:  2,17; Parcels:      3; Health: 933.8; Health Usage: 1103.75; Fuel: 4726.0; Tile: ROAD
2019-05-29 14:07:16 INFO  Car - Speed:   1.0; Angle:   WEST; Position:  3,17; Parcels:      3; Health: 933.8; Health Usage: 1103.75; Fuel: 4725.0; Tile: ROAD
2019-05-29 14:07:16 INFO  Car - Speed:   1.0; Angle:   WEST; Position:  4,17; Parcels:      3; Health: 933.8; Health Usage: 1103.75; Fuel: 4724.0; Tile: ROAD
2019-05-29 14:07:16 INFO  Car - Speed:   1.0; Angle:   WEST; Position:  5,17; Parcels:      3; Health: 933.8; Health Usage: 1103.75; Fuel: 4723.0; Tile: ROAD
2019-05-29 14:07:16 INFO  Car - Speed:   1.0; Angle:   WEST; Position:  6,17; Parcels:      3; Health: 933.8; Health Usage: 1103.75; Fuel: 4722.0; Tile: ROAD
2019-05-29 14:07:16 INFO  Car - Speed:   1.0; Angle:   WEST; Position:  7,17; Parcels:      3; Health: 933.8; Health Usage: 1103.75; Fuel: 4721.0; Tile: ROAD
2019-05-29 14:07:16 INFO  Car - Speed:   1.0; Angle:   WEST; Position:  8,17; Parcels:      3; Health: 933.8; Health Usage: 1103.75; Fuel: 4720.0; Tile: ROAD
2019-05-29 14:07:16 INFO  Car - Speed:   1.0; Angle:   WEST; Position:  9,17; Parcels:      3; Health: 933.8; Health Usage: 1103.75; Fuel: 4719.0; Tile: ROAD
2019-05-29 14:07:16 INFO  Car - Speed:   1.0; Angle:   WEST; Position: 10,17; Parcels:      3; Health: 933.8; Health Usage: 1103.75; Fuel: 4718.0; Tile: ROAD
2019-05-29 14:07:16 INFO  Car - Speed:   1.0; Angle:   WEST; Position: 11,17; Parcels:      3; Health: 933.8; Health Usage: 1103.75; Fuel: 4717.0; Tile: ROAD
2019-05-29 14:07:16 INFO  Car - Speed:   1.0; Angle:  SOUTH; Position: 11,18; Parcels:      3; Health: 933.8; Health Usage: 1103.75; Fuel: 4716.0; Tile: ROAD
2019-05-29 14:07:16 INFO  Car - Speed:   1.0; Angle:   EAST; Position: 10,18; Parcels:      3; Health: 933.8; Health Usage: 1103.75; Fuel: 4715.0; Tile: ROAD
2019-05-29 14:07:16 INFO  Car - Speed:   1.0; Angle:   EAST; Position:  9,18; Parcels:      3; Health: 933.8; Health Usage: 1103.75; Fuel: 4714.0; Tile: ROAD
2019-05-29 14:07:16 INFO  Car - Speed:   1.0; Angle:   EAST; Position:  8,18; Parcels:      3; Health: 933.8; Health Usage: 1103.75; Fuel: 4713.0; Tile: ROAD
2019-05-29 14:07:17 INFO  Car - Speed:   1.0; Angle:   EAST; Position:  7,18; Parcels:      3; Health: 933.8; Health Usage: 1103.75; Fuel: 4712.0; Tile: ROAD
2019-05-29 14:07:17 INFO  Car - Speed:   1.0; Angle:   EAST; Position:  6,18; Parcels:      3; Health: 933.8; Health Usage: 1103.75; Fuel: 4711.0; Tile: ROAD
2019-05-29 14:07:17 INFO  Car - Speed:   1.0; Angle:   EAST; Position:  5,18; Parcels:      3; Health: 933.8; Health Usage: 1103.75; Fuel: 4710.0; Tile: ROAD
2019-05-29 14:07:17 INFO  Car - Speed:   1.0; Angle:   EAST; Position:  4,18; Parcels:      3; Health: 933.8; Health Usage: 1103.75; Fuel: 4709.0; Tile: ROAD
2019-05-29 14:07:17 INFO  Car - Speed:   1.0; Angle:   EAST; Position:  3,18; Parcels:      3; Health: 933.8; Health Usage: 1103.75; Fuel: 4708.0; Tile: ROAD
2019-05-29 14:07:17 INFO  Car - Speed:   1.0; Angle:   EAST; Position:  2,18; Parcels:      3; Health: 933.8; Health Usage: 1103.75; Fuel: 4707.0; Tile: ROAD
2019-05-29 14:07:17 INFO  Car - Speed:   1.0; Angle:   EAST; Position:  1,18; Parcels:      3; Health: 933.8; Health Usage: 1103.75; Fuel: 4706.0; Tile: ROAD
2019-05-29 14:07:17 INFO  Car - Speed:   1.0; Angle:  NORTH; Position:  1,17; Parcels:      3; Health: 933.8; Health Usage: 1103.75; Fuel: 4705.0; Tile: ROAD
2019-05-29 14:07:17 INFO  Car - Speed:   1.0; Angle:  NORTH; Position:  1,16; Parcels:      3; Health: 933.8; Health Usage: 1103.75; Fuel: 4704.0; Tile: ROAD
2019-05-29 14:07:17 INFO  Car - Speed:   1.0; Angle:  NORTH; Position:  1,15; Parcels:      3; Health: 933.8; Health Usage: 1103.75; Fuel: 4703.0; Tile: ROAD
2019-05-29 14:07:17 INFO  Car - Speed:   1.0; Angle:  NORTH; Position:  1,14; Parcels:      3; Health: 933.8; Health Usage: 1103.75; Fuel: 4702.0; Tile: ROAD
2019-05-29 14:07:17 INFO  Car - Speed:   1.0; Angle:   WEST; Position:  2,14; Parcels:      3; Health: 933.8; Health Usage: 1103.75; Fuel: 4701.0; Tile: ROAD
2019-05-29 14:07:17 INFO  Car - Speed:   1.0; Angle:   WEST; Position:  3,14; Parcels:      3; Health: 933.8; Health Usage: 1103.75; Fuel: 4700.0; Tile: ROAD
2019-05-29 14:07:17 INFO  Car - Speed:   1.0; Angle:   WEST; Position:  4,14; Parcels:      3; Health: 933.8; Health Usage: 1103.75; Fuel: 4699.0; Tile: ROAD
2019-05-29 14:07:17 INFO  Car - Speed:   1.0; Angle:   WEST; Position:  5,14; Parcels:      3; Health: 933.8; Health Usage: 1103.75; Fuel: 4698.0; Tile: ROAD
2019-05-29 14:07:17 INFO  Car - Speed:   1.0; Angle:   WEST; Position:  6,14; Parcels:      3; Health: 933.8; Health Usage: 1103.75; Fuel: 4697.0; Tile: ROAD
2019-05-29 14:07:18 INFO  Car - Speed:   1.0; Angle:   WEST; Position:  7,14; Parcels:      3; Health: 933.8; Health Usage: 1103.75; Fuel: 4696.0; Tile: ROAD
2019-05-29 14:07:18 INFO  Car - Speed:   1.0; Angle:   WEST; Position:  8,14; Parcels:      3; Health: 933.8; Health Usage: 1103.75; Fuel: 4695.0; Tile: ROAD
2019-05-29 14:07:18 INFO  Car - Speed:   1.0; Angle:   WEST; Position:  9,14; Parcels:      3; Health: 933.8; Health Usage: 1103.75; Fuel: 4694.0; Tile: ROAD
2019-05-29 14:07:18 INFO  Car - Speed:   1.0; Angle:   WEST; Position: 10,14; Parcels:      3; Health: 933.8; Health Usage: 1103.75; Fuel: 4693.0; Tile: ROAD
2019-05-29 14:07:18 INFO  Car - Speed:   1.0; Angle:   WEST; Position: 11,14; Parcels:      3; Health: 933.8; Health Usage: 1103.75; Fuel: 4692.0; Tile: ROAD
2019-05-29 14:07:18 INFO  Car - Speed:   1.0; Angle:   WEST; Position: 12,14; Parcels:      3; Health: 933.8; Health Usage: 1103.75; Fuel: 4691.0; Tile: ROAD
2019-05-29 14:07:18 INFO  Car - Speed:   1.0; Angle:   WEST; Position: 13,14; Parcels:      3; Health: 933.8; Health Usage: 1103.75; Fuel: 4690.0; Tile: ROAD
2019-05-29 14:07:18 INFO  Car - Speed:   1.0; Angle:  SOUTH; Position: 13,15; Parcels:      3; Health: 933.8; Health Usage: 1103.75; Fuel: 4689.0; Tile: ROAD
2019-05-29 14:07:18 INFO  Car - Speed:   1.0; Angle:   WEST; Position: 14,15; Parcels:      3; Health: 933.8; Health Usage: 1103.75; Fuel: 4688.0; Tile: ROAD
2019-05-29 14:07:18 INFO  Car - Speed:   1.0; Angle:   WEST; Position: 15,15; Parcels:      3; Health: 928.8; Health Usage: 1103.75; Fuel: 4687.0; Tile: TRAP(lava)
2019-05-29 14:07:18 INFO  Car - Speed:   1.0; Angle:   WEST; Position: 16,15; Parcels:      3; Health: 923.8; Health Usage: 1103.75; Fuel: 4686.0; Tile: TRAP(lava)
2019-05-29 14:07:18 INFO  Car - Speed:   1.0; Angle:   WEST; Position: 17,15; Parcels:      3; Health: 928.8; Health Usage: 1108.75; Fuel: 4685.0; Tile: ROAD
2019-05-29 14:07:18 INFO  Car - Speed:   1.0; Angle:   WEST; Position: 18,15; Parcels:      3; Health: 933.8; Health Usage: 1113.75; Fuel: 4684.0; Tile: ROAD
2019-05-29 14:07:18 INFO  Car - Speed:   1.0; Angle:  SOUTH; Position: 18,16; Parcels:      3; Health: 938.8; Health Usage: 1118.75; Fuel: 4683.0; Tile: ROAD
2019-05-29 14:07:18 INFO  Car - Speed:   1.0; Angle:   EAST; Position: 17,16; Parcels:      3; Health: 943.8; Health Usage: 1123.75; Fuel: 4682.0; Tile: ROAD
2019-05-29 14:07:18 INFO  Car - Speed:   1.0; Angle:   EAST; Position: 16,16; Parcels:      3; Health: 938.8; Health Usage: 1123.75; Fuel: 4681.0; Tile: TRAP(lava)
2019-05-29 14:07:19 INFO  Car - Speed:   1.0; Angle:   EAST; Position: 15,16; Parcels:      3; Health: 933.8; Health Usage: 1123.75; Fuel: 4680.0; Tile: TRAP(lava)
2019-05-29 14:07:19 INFO  Car - Speed:   1.0; Angle:   EAST; Position: 14,16; Parcels:      3; Health: 933.8; Health Usage: 1123.75; Fuel: 4679.0; Tile: ROAD
2019-05-29 14:07:19 INFO  Car - Speed:   1.0; Angle:   EAST; Position: 13,16; Parcels:      3; Health: 933.8; Health Usage: 1123.75; Fuel: 4678.0; Tile: ROAD
2019-05-29 14:07:19 INFO  Car - Speed:   1.0; Angle:  SOUTH; Position: 13,17; Parcels:      3; Health: 933.8; Health Usage: 1123.75; Fuel: 4677.0; Tile: ROAD
2019-05-29 14:07:19 INFO  Car - Speed:   1.0; Angle:   WEST; Position: 14,17; Parcels:      3; Health: 933.8; Health Usage: 1123.75; Fuel: 4676.0; Tile: ROAD
2019-05-29 14:07:19 INFO  Car - Speed:   1.0; Angle:   WEST; Position: 15,17; Parcels:      3; Health: 928.8; Health Usage: 1123.75; Fuel: 4675.0; Tile: TRAP(lava)
2019-05-29 14:07:19 INFO  Car - Speed:   1.0; Angle:   WEST; Position: 16,17; Parcels:      3; Health: 923.8; Health Usage: 1123.75; Fuel: 4674.0; Tile: TRAP(lava)
2019-05-29 14:07:19 INFO  Car - Speed:   1.0; Angle:   WEST; Position: 17,17; Parcels:      3; Health: 928.8; Health Usage: 1128.75; Fuel: 4673.0; Tile: ROAD
2019-05-29 14:07:19 INFO  Car - Speed:   1.0; Angle:   WEST; Position: 18,17; Parcels:      3; Health: 933.8; Health Usage: 1133.75; Fuel: 4672.0; Tile: ROAD
2019-05-29 14:07:19 INFO  Car - Speed:   1.0; Angle:  SOUTH; Position: 18,18; Parcels:      3; Health: 938.8; Health Usage: 1138.75; Fuel: 4671.0; Tile: ROAD
2019-05-29 14:07:19 INFO  Car - Speed:   1.0; Angle:   EAST; Position: 17,18; Parcels:      3; Health: 943.8; Health Usage: 1143.75; Fuel: 4670.0; Tile: ROAD
2019-05-29 14:07:19 INFO  Car - Speed:   1.0; Angle:   EAST; Position: 16,18; Parcels:      3; Health: 938.8; Health Usage: 1143.75; Fuel: 4669.0; Tile: TRAP(lava)
2019-05-29 14:07:19 INFO  Car - Speed:   1.0; Angle:   EAST; Position: 15,18; Parcels:      3; Health: 933.8; Health Usage: 1143.75; Fuel: 4668.0; Tile: TRAP(lava)
2019-05-29 14:07:19 INFO  Car - Speed:   1.0; Angle:   EAST; Position: 14,18; Parcels:      3; Health: 933.8; Health Usage: 1143.75; Fuel: 4667.0; Tile: ROAD
2019-05-29 14:07:19 INFO  Car - Speed:   1.0; Angle:   EAST; Position: 13,18; Parcels:      3; Health: 933.8; Health Usage: 1143.75; Fuel: 4666.0; Tile: ROAD
2019-05-29 14:07:19 INFO  Car - Speed:   1.0; Angle:  NORTH; Position: 13,17; Parcels:      3; Health: 933.8; Health Usage: 1143.75; Fuel: 4665.0; Tile: ROAD
2019-05-29 14:07:20 INFO  Car - Speed:   1.0; Angle:  NORTH; Position: 13,16; Parcels:      3; Health: 933.8; Health Usage: 1143.75; Fuel: 4664.0; Tile: ROAD
2019-05-29 14:07:20 INFO  Car - Speed:   1.0; Angle:  NORTH; Position: 13,15; Parcels:      3; Health: 933.8; Health Usage: 1143.75; Fuel: 4663.0; Tile: ROAD
2019-05-29 14:07:20 INFO  Car - Speed:   1.0; Angle:  NORTH; Position: 13,14; Parcels:      3; Health: 933.8; Health Usage: 1143.75; Fuel: 4662.0; Tile: ROAD
2019-05-29 14:07:20 INFO  Car - Speed:   1.0; Angle:  NORTH; Position: 13,13; Parcels:      3; Health: 933.8; Health Usage: 1143.75; Fuel: 4661.0; Tile: ROAD
2019-05-29 14:07:20 INFO  Car - Speed:   1.0; Angle:   EAST; Position: 12,13; Parcels:      3; Health: 933.8; Health Usage: 1143.75; Fuel: 4660.0; Tile: ROAD
2019-05-29 14:07:20 INFO  Car - Speed:   1.0; Angle:   EAST; Position: 11,13; Parcels:      3; Health: 933.8; Health Usage: 1143.75; Fuel: 4659.0; Tile: ROAD
2019-05-29 14:07:20 INFO  Car - Speed:   1.0; Angle:   EAST; Position: 10,13; Parcels:      3; Health: 933.8; Health Usage: 1143.75; Fuel: 4658.0; Tile: ROAD
2019-05-29 14:07:20 INFO  Car - Speed:   1.0; Angle:   EAST; Position:  9,13; Parcels:      3; Health: 933.8; Health Usage: 1143.75; Fuel: 4657.0; Tile: ROAD
2019-05-29 14:07:20 INFO  Car - Speed:   1.0; Angle:   EAST; Position:  8,13; Parcels:      3; Health: 933.8; Health Usage: 1143.75; Fuel: 4656.0; Tile: ROAD
2019-05-29 14:07:20 INFO  Car - Speed:   1.0; Angle:  NORTH; Position:  8,12; Parcels:      3; Health: 933.8; Health Usage: 1143.75; Fuel: 4655.0; Tile: ROAD
2019-05-29 14:07:20 INFO  Car - Speed:   1.0; Angle:  NORTH; Position:  8,11; Parcels:      3; Health: 933.8; Health Usage: 1143.75; Fuel: 4654.0; Tile: ROAD
2019-05-29 14:07:20 INFO  Car - Speed:   1.0; Angle:  NORTH; Position:  8,10; Parcels:      3; Health: 933.8; Health Usage: 1143.75; Fuel: 4653.0; Tile: ROAD
2019-05-29 14:07:20 INFO  Car - Speed:   1.0; Angle:  NORTH; Position:   8,9; Parcels:      3; Health: 933.8; Health Usage: 1143.75; Fuel: 4652.0; Tile: ROAD
2019-05-29 14:07:20 INFO  Car - Speed:   1.0; Angle:  NORTH; Position:   8,8; Parcels:      3; Health: 933.8; Health Usage: 1143.75; Fuel: 4651.0; Tile: ROAD
2019-05-29 14:07:20 INFO  Car - Speed:   1.0; Angle:  NORTH; Position:   8,7; Parcels:      3; Health: 933.8; Health Usage: 1143.75; Fuel: 4650.0; Tile: ROAD
2019-05-29 14:07:20 INFO  Car - Speed:   1.0; Angle:  NORTH; Position:   8,6; Parcels:      3; Health: 933.8; Health Usage: 1143.75; Fuel: 4649.0; Tile: ROAD
2019-05-29 14:07:21 INFO  Car - Speed:   1.0; Angle:  NORTH; Position:   8,5; Parcels:      3; Health: 933.8; Health Usage: 1143.75; Fuel: 4648.0; Tile: ROAD
2019-05-29 14:07:21 INFO  Car - Speed:   1.0; Angle:   WEST; Position:   9,5; Parcels:      3; Health: 933.8; Health Usage: 1143.75; Fuel: 4647.0; Tile: ROAD
2019-05-29 14:07:21 INFO  Car - Speed:   1.0; Angle:   WEST; Position:  10,5; Parcels:      3; Health: 933.8; Health Usage: 1143.75; Fuel: 4646.0; Tile: ROAD
2019-05-29 14:07:21 INFO  Car - Speed:   1.0; Angle:   WEST; Position:  11,5; Parcels:      3; Health: 933.8; Health Usage: 1143.75; Fuel: 4645.0; Tile: ROAD
2019-05-29 14:07:21 INFO  Car - Speed:   1.0; Angle:   WEST; Position:  12,5; Parcels:      3; Health: 933.8; Health Usage: 1143.75; Fuel: 4644.0; Tile: ROAD
2019-05-29 14:07:21 INFO  Car - Speed:   1.0; Angle:   WEST; Position:  13,5; Parcels:      3; Health: 933.8; Health Usage: 1143.75; Fuel: 4643.0; Tile: ROAD
2019-05-29 14:07:21 INFO  Car - Speed:   1.0; Angle:   WEST; Position:  14,5; Parcels:      3; Health: 933.8; Health Usage: 1143.75; Fuel: 4642.0; Tile: ROAD
2019-05-29 14:07:21 INFO  Car - Speed:   1.0; Angle:   WEST; Position:  15,5; Parcels:      3; Health: 933.8; Health Usage: 1143.75; Fuel: 4641.0; Tile: ROAD
2019-05-29 14:07:21 INFO  Car - Speed:   1.0; Angle:   WEST; Position:  16,5; Parcels:      3; Health: 933.8; Health Usage: 1143.75; Fuel: 4640.0; Tile: ROAD
2019-05-29 14:07:21 INFO  Car - Speed:   1.0; Angle:   WEST; Position:  17,5; Parcels:      3; Health: 933.8; Health Usage: 1143.75; Fuel: 4639.0; Tile: ROAD
2019-05-29 14:07:21 INFO  Car - Speed:   1.0; Angle:   WEST; Position:  18,5; Parcels:      3; Health: 928.8; Health Usage: 1143.75; Fuel: 4638.0; Tile: TRAP(lava)
2019-05-29 14:07:21 INFO  Car - Speed:   1.0; Angle:   WEST; Position:  19,5; Parcels:      3; Health: 923.8; Health Usage: 1143.75; Fuel: 4637.0; Tile: TRAP(lava)
2019-05-29 14:07:21 INFO  Car - Speed:   1.0; Angle:   WEST; Position:  20,5; Parcels:      3; Health: 923.8; Health Usage: 1143.75; Fuel: 4636.0; Tile: ROAD
2019-05-29 14:07:21 INFO  Car - Speed:   1.0; Angle:  SOUTH; Position:  20,6; Parcels:      3; Health: 923.8; Health Usage: 1143.75; Fuel: 4635.0; Tile: ROAD
2019-05-29 14:07:21 INFO  Car - Speed:   1.0; Angle:   WEST; Position:  21,6; Parcels:      3; Health: 923.8; Health Usage: 1143.75; Fuel: 4634.0; Tile: ROAD
2019-05-29 14:07:21 INFO  Car - Speed:   1.0; Angle:   WEST; Position:  22,6; Parcels:      3; Health: 923.8; Health Usage: 1143.75; Fuel: 4633.0; Tile: ROAD
2019-05-29 14:07:22 INFO  Car - Speed:   1.0; Angle:   WEST; Position:  23,6; Parcels:      3; Health: 923.8; Health Usage: 1143.75; Fuel: 4632.0; Tile: ROAD
2019-05-29 14:07:22 INFO  Car - Speed:   1.0; Angle:  SOUTH; Position:  23,7; Parcels:      3; Health: 923.8; Health Usage: 1143.75; Fuel: 4631.0; Tile: ROAD
2019-05-29 14:07:22 INFO  Car - Speed:   1.0; Angle:   EAST; Position:  22,7; Parcels:      3; Health: 923.8; Health Usage: 1143.75; Fuel: 4630.0; Tile: ROAD
2019-05-29 14:07:22 INFO  Car - Speed:   1.0; Angle:   EAST; Position:  21,7; Parcels:      3; Health: 923.8; Health Usage: 1143.75; Fuel: 4629.0; Tile: ROAD
2019-05-29 14:07:22 INFO  Car - Speed:   1.0; Angle:   EAST; Position:  20,7; Parcels:      3; Health: 923.8; Health Usage: 1143.75; Fuel: 4628.0; Tile: ROAD
2019-05-29 14:07:22 INFO  Car - Speed:   1.0; Angle:  SOUTH; Position:  20,8; Parcels:      3; Health: 923.8; Health Usage: 1143.75; Fuel: 4627.0; Tile: ROAD
2019-05-29 14:07:22 INFO  Car - Speed:   1.0; Angle:   WEST; Position:  21,8; Parcels:      3; Health: 923.8; Health Usage: 1143.75; Fuel: 4626.0; Tile: ROAD
2019-05-29 14:07:22 INFO  Car - Speed:   1.0; Angle:   WEST; Position:  22,8; Parcels:      3; Health: 923.8; Health Usage: 1143.75; Fuel: 4625.0; Tile: ROAD
2019-05-29 14:07:22 INFO  Car - Speed:   1.0; Angle:   WEST; Position:  23,8; Parcels:      3; Health: 923.8; Health Usage: 1143.75; Fuel: 4624.0; Tile: ROAD
2019-05-29 14:07:22 INFO  Car - Speed:   1.0; Angle:  SOUTH; Position:  23,9; Parcels:      3; Health: 923.8; Health Usage: 1143.75; Fuel: 4623.0; Tile: ROAD
2019-05-29 14:07:22 INFO  Car - Speed:   1.0; Angle:   EAST; Position:  22,9; Parcels:      3; Health: 923.8; Health Usage: 1143.75; Fuel: 4622.0; Tile: ROAD
2019-05-29 14:07:22 INFO  Car - Speed:   1.0; Angle:   EAST; Position:  21,9; Parcels:      3; Health: 923.8; Health Usage: 1143.75; Fuel: 4621.0; Tile: ROAD
2019-05-29 14:07:22 INFO  Car - Speed:   1.0; Angle:   EAST; Position:  20,9; Parcels:      3; Health: 923.8; Health Usage: 1143.75; Fuel: 4620.0; Tile: ROAD
2019-05-29 14:07:22 INFO  Car - Speed:   1.0; Angle:  SOUTH; Position: 20,10; Parcels:      3; Health: 923.8; Health Usage: 1143.75; Fuel: 4619.0; Tile: ROAD
2019-05-29 14:07:22 INFO  Car - Speed:   1.0; Angle:   WEST; Position: 21,10; Parcels:      3; Health: 923.8; Health Usage: 1143.75; Fuel: 4618.0; Tile: ROAD
2019-05-29 14:07:22 INFO  Car - Speed:   1.0; Angle:   WEST; Position: 22,10; Parcels:      3; Health: 923.8; Health Usage: 1143.75; Fuel: 4617.0; Tile: ROAD
2019-05-29 14:07:23 INFO  Car - Speed:   1.0; Angle:   WEST; Position: 23,10; Parcels:      3; Health: 923.8; Health Usage: 1143.75; Fuel: 4616.0; Tile: ROAD
2019-05-29 14:07:23 INFO  Car - Speed:   1.0; Angle:  SOUTH; Position: 23,11; Parcels:      3; Health: 923.8; Health Usage: 1143.75; Fuel: 4615.0; Tile: ROAD
2019-05-29 14:07:23 INFO  Car - Speed:   1.0; Angle:   EAST; Position: 22,11; Parcels:      3; Health: 923.8; Health Usage: 1143.75; Fuel: 4614.0; Tile: ROAD
2019-05-29 14:07:23 INFO  Car - Speed:   1.0; Angle:   EAST; Position: 21,11; Parcels:      3; Health: 923.8; Health Usage: 1143.75; Fuel: 4613.0; Tile: ROAD
2019-05-29 14:07:23 INFO  Car - Speed:   1.0; Angle:   EAST; Position: 20,11; Parcels:      3; Health: 923.8; Health Usage: 1143.75; Fuel: 4612.0; Tile: ROAD
2019-05-29 14:07:23 INFO  Car - Speed:   1.0; Angle:  SOUTH; Position: 20,12; Parcels:      3; Health: 923.8; Health Usage: 1143.75; Fuel: 4611.0; Tile: ROAD
2019-05-29 14:07:23 INFO  Car - Speed:   1.0; Angle:   WEST; Position: 21,12; Parcels:      3; Health: 923.8; Health Usage: 1143.75; Fuel: 4610.0; Tile: ROAD
2019-05-29 14:07:23 INFO  Car - Speed:   1.0; Angle:   WEST; Position: 22,12; Parcels:      3; Health: 923.8; Health Usage: 1143.75; Fuel: 4609.0; Tile: ROAD
2019-05-29 14:07:23 INFO  Car - Speed:   1.0; Angle:   WEST; Position: 23,12; Parcels:      3; Health: 923.8; Health Usage: 1143.75; Fuel: 4608.0; Tile: ROAD
2019-05-29 14:07:23 INFO  Car - Speed:   1.0; Angle:  SOUTH; Position: 23,13; Parcels:      3; Health: 923.8; Health Usage: 1143.75; Fuel: 4607.0; Tile: ROAD
2019-05-29 14:07:23 INFO  Car - Speed:   1.0; Angle:   EAST; Position: 22,13; Parcels:      3; Health: 923.8; Health Usage: 1143.75; Fuel: 4606.0; Tile: ROAD
2019-05-29 14:07:23 INFO  Car - Speed:   1.0; Angle:   EAST; Position: 21,13; Parcels:      3; Health: 923.8; Health Usage: 1143.75; Fuel: 4605.0; Tile: ROAD
2019-05-29 14:07:23 INFO  Car - Speed:   1.0; Angle:   EAST; Position: 20,13; Parcels:      3; Health: 923.8; Health Usage: 1143.75; Fuel: 4604.0; Tile: ROAD
2019-05-29 14:07:23 INFO  Car - Speed:   1.0; Angle:  SOUTH; Position: 20,14; Parcels:      3; Health: 923.8; Health Usage: 1143.75; Fuel: 4603.0; Tile: ROAD
2019-05-29 14:07:23 INFO  Car - Speed:   1.0; Angle:   WEST; Position: 21,14; Parcels:      3; Health: 923.8; Health Usage: 1143.75; Fuel: 4602.0; Tile: ROAD
2019-05-29 14:07:23 INFO  Car - Speed:   1.0; Angle:   WEST; Position: 22,14; Parcels:      3; Health: 923.8; Health Usage: 1143.75; Fuel: 4601.0; Tile: ROAD
2019-05-29 14:07:24 INFO  Car - Speed:   1.0; Angle:   WEST; Position: 23,14; Parcels:      3; Health: 923.8; Health Usage: 1143.75; Fuel: 4600.0; Tile: ROAD
2019-05-29 14:07:24 INFO  Car - Speed:   1.0; Angle:  SOUTH; Position: 23,15; Parcels:      4; Health: 923.8; Health Usage: 1143.75; Fuel: 4599.0; Tile: ROAD
2019-05-29 14:07:24 INFO  Car - Speed:   1.0; Angle:   EAST; Position: 22,15; Parcels:      4; Health: 918.8; Health Usage: 1143.75; Fuel: 4598.0; Tile: TRAP(lava)
2019-05-29 14:07:24 INFO  Car - Speed:   1.0; Angle:   EAST; Position: 21,15; Parcels:      4; Health: 913.8; Health Usage: 1143.75; Fuel: 4597.0; Tile: TRAP(lava)
2019-05-29 14:07:24 INFO  Car - Speed:   1.0; Angle:   EAST; Position: 20,15; Parcels:      4; Health: 918.8; Health Usage: 1148.75; Fuel: 4596.0; Tile: ROAD
2019-05-29 14:07:24 INFO  Car - Speed:   1.0; Angle:  SOUTH; Position: 20,16; Parcels:      4; Health: 913.8; Health Usage: 1148.75; Fuel: 4595.0; Tile: TRAP(lava)
2019-05-29 14:07:24 INFO  Car - Speed:   1.0; Angle:   WEST; Position: 21,16; Parcels:      4; Health: 908.8; Health Usage: 1148.75; Fuel: 4594.0; Tile: TRAP(lava)
2019-05-29 14:07:24 INFO  Car - Speed:   1.0; Angle:   WEST; Position: 22,16; Parcels:      4; Health: 908.8; Health Usage: 1148.75; Fuel: 4593.0; Tile: FINISH
